<?xml version="1.0" encoding="UTF-8"?>
<!-- Generated by org.testng.reporters.JUnitReportReporter -->
<testsuite skipped="0" hostname="Nadee" name="com.example.tests.Test001" tests="1" failures="0" timestamp="30 Dec 2018 16:22:59 GMT" time="12.680" errors="0">
  <testcase name="test001" time="12.680" classname="com.example.tests.Test001"/>
</testsuite> <!-- com.example.tests.Test001 -->
