<?xml version="1.0" encoding="UTF-8"?>
<!-- Generated by org.testng.reporters.JUnitReportReporter -->
<testsuite skipped="0" hostname="Nadee" name="com.example.tests.Test002" tests="1" failures="0" timestamp="30 Dec 2018 16:24:03 GMT" time="11.921" errors="0">
  <testcase name="test002" time="11.921" classname="com.example.tests.Test002"/>
</testsuite> <!-- com.example.tests.Test002 -->
